{"level":"info","message":"Server is running on http://localhost:8000","service":"your-service-name","timestamp":"2023-09-20 02:34:09"}
{"level":"info","message":"Items retrieved successfully.","service":"your-service-name","timestamp":"2023-09-20 02:34:12"}
{"level":"info","message":"Items retrieved successfully.","service":"your-service-name","timestamp":"2023-09-20 02:34:12"}
{"level":"info","message":"Items retrieved successfully.","service":"your-service-name","timestamp":"2023-09-20 02:34:12"}
{"level":"info","message":"Items retrieved successfully.","service":"your-service-name","timestamp":"2023-09-20 02:34:12"}
{"level":"info","message":"Item with ID: b1ac273b-9b88-483b-ad3a-e6241b511a30 updated successfully.","service":"your-service-name","timestamp":"2023-09-20 02:34:19"}
{"level":"info","message":"Items retrieved successfully.","service":"your-service-name","timestamp":"2023-09-20 02:34:19"}
{"level":"info","message":"Items retrieved successfully.","service":"your-service-name","timestamp":"2023-09-20 02:35:33"}
{"level":"info","message":"Items retrieved successfully.","service":"your-service-name","timestamp":"2023-09-20 02:35:36"}
{"level":"info","message":"Items retrieved successfully.","service":"your-service-name","timestamp":"2023-09-20 02:35:36"}
{"level":"info","message":"Items retrieved successfully.","service":"your-service-name","timestamp":"2023-09-20 02:35:36"}
{"level":"info","message":"Items retrieved successfully.","service":"your-service-name","timestamp":"2023-09-20 02:35:36"}
{"level":"info","message":"Item with ID: b1ac273b-9b88-483b-ad3a-e6241b511a30 updated successfully.","service":"your-service-name","timestamp":"2023-09-20 02:35:44"}
{"level":"info","message":"Items retrieved successfully.","service":"your-service-name","timestamp":"2023-09-20 02:35:44"}
{"level":"info","message":"Item with ID: b1ac273b-9b88-483b-ad3a-e6241b511a30 updated successfully.","service":"your-service-name","timestamp":"2023-09-20 02:35:53"}
{"level":"info","message":"Items retrieved successfully.","service":"your-service-name","timestamp":"2023-09-20 02:35:53"}
{"level":"info","message":"Server is running on http://localhost:8000","service":"online-store","timestamp":"2023-09-20 02:42:31"}
{"level":"info","message":"Items retrieved successfully.","service":"online-store","timestamp":"2023-09-20 02:42:33"}
{"level":"info","message":"Items retrieved successfully.","service":"online-store","timestamp":"2023-09-20 02:42:33"}
{"level":"info","message":"Items retrieved successfully.","service":"online-store","timestamp":"2023-09-20 02:42:34"}
{"level":"info","message":"Items retrieved successfully.","service":"online-store","timestamp":"2023-09-20 02:42:34"}
{"level":"info","message":"Server is running on http://localhost:8000","service":"online-store","timestamp":"2023-09-20 16:24:59"}
{"level":"info","message":"Items retrieved successfully.","service":"online-store","timestamp":"2023-09-20 16:25:50"}
{"level":"info","message":"Items retrieved successfully.","service":"online-store","timestamp":"2023-09-20 16:26:01"}
{"level":"info","message":"Items retrieved successfully.","service":"online-store","timestamp":"2023-09-20 16:26:01"}
{"level":"info","message":"Items retrieved successfully.","service":"online-store","timestamp":"2023-09-20 16:26:01"}
{"level":"info","message":"Items retrieved successfully.","service":"online-store","timestamp":"2023-09-20 16:26:01"}
{"level":"info","message":"Items retrieved successfully.","service":"online-store","timestamp":"2023-09-20 16:26:27"}
{"level":"info","message":"Items retrieved successfully.","service":"online-store","timestamp":"2023-09-20 16:26:27"}
{"level":"info","message":"Items retrieved successfully.","service":"online-store","timestamp":"2023-09-20 16:26:27"}
{"level":"info","message":"Items retrieved successfully.","service":"online-store","timestamp":"2023-09-20 16:26:27"}
{"level":"info","message":"Item with ID: e599e641-0b35-45f8-b4d4-8fe2b166de0c deleted successfully.","service":"online-store","timestamp":"2023-09-20 16:26:34"}
{"level":"info","message":"Items retrieved successfully.","service":"online-store","timestamp":"2023-09-20 16:26:34"}
{"level":"info","message":"Items retrieved successfully.","service":"online-store","timestamp":"2023-09-20 16:35:03"}
{"level":"info","message":"Items retrieved successfully.","service":"online-store","timestamp":"2023-09-20 16:35:03"}
{"level":"info","message":"Items retrieved successfully.","service":"online-store","timestamp":"2023-09-20 16:35:03"}
{"level":"info","message":"Items retrieved successfully.","service":"online-store","timestamp":"2023-09-20 16:35:03"}
{"level":"info","message":"Items retrieved successfully.","service":"online-store","timestamp":"2023-09-20 16:57:04"}
{"level":"info","message":"Items retrieved successfully.","service":"online-store","timestamp":"2023-09-20 16:57:04"}
{"level":"info","message":"Items retrieved successfully.","service":"online-store","timestamp":"2023-09-20 16:57:04"}
{"level":"info","message":"Items retrieved successfully.","service":"online-store","timestamp":"2023-09-20 16:57:04"}
{"level":"info","message":"Items retrieved successfully.","service":"online-store","timestamp":"2023-09-20 16:58:48"}
{"level":"info","message":"Items retrieved successfully.","service":"online-store","timestamp":"2023-09-20 16:58:48"}
{"level":"info","message":"Items retrieved successfully.","service":"online-store","timestamp":"2023-09-20 16:58:58"}
{"level":"info","message":"Items retrieved successfully.","service":"online-store","timestamp":"2023-09-20 16:58:58"}
{"level":"info","message":"Items retrieved successfully.","service":"online-store","timestamp":"2023-09-20 16:59:00"}
{"level":"info","message":"Items retrieved successfully.","service":"online-store","timestamp":"2023-09-20 16:59:00"}
{"level":"info","message":"Item with ID: 345fc417-16c4-4f4a-81d8-17e5d9488680 updated successfully.","service":"online-store","timestamp":"2023-09-20 16:59:12"}
{"level":"info","message":"Items retrieved successfully.","service":"online-store","timestamp":"2023-09-20 16:59:12"}
{"level":"info","message":"Items retrieved successfully.","service":"online-store","timestamp":"2023-09-20 17:02:56"}
{"level":"info","message":"Items retrieved successfully.","service":"online-store","timestamp":"2023-09-20 17:02:56"}
{"level":"info","message":"Items retrieved successfully.","service":"online-store","timestamp":"2023-09-20 17:03:01"}
{"level":"info","message":"Items retrieved successfully.","service":"online-store","timestamp":"2023-09-20 17:03:01"}
{"level":"info","message":"Items retrieved successfully.","service":"online-store","timestamp":"2023-09-20 17:03:06"}
{"level":"info","message":"Items retrieved successfully.","service":"online-store","timestamp":"2023-09-20 17:03:06"}
{"level":"info","message":"Items retrieved successfully.","service":"online-store","timestamp":"2023-09-20 17:03:07"}
{"level":"info","message":"Items retrieved successfully.","service":"online-store","timestamp":"2023-09-20 17:03:07"}
{"level":"info","message":"Items retrieved successfully.","service":"online-store","timestamp":"2023-09-20 17:03:08"}
{"level":"info","message":"Items retrieved successfully.","service":"online-store","timestamp":"2023-09-20 17:03:08"}
{"level":"info","message":"Items retrieved successfully.","service":"online-store","timestamp":"2023-09-20 17:03:09"}
{"level":"info","message":"Items retrieved successfully.","service":"online-store","timestamp":"2023-09-20 17:03:09"}
{"level":"info","message":"Items retrieved successfully.","service":"online-store","timestamp":"2023-09-20 17:03:10"}
{"level":"info","message":"Items retrieved successfully.","service":"online-store","timestamp":"2023-09-20 17:03:10"}
{"level":"info","message":"Items retrieved successfully.","service":"online-store","timestamp":"2023-09-20 17:03:10"}
{"level":"info","message":"Items retrieved successfully.","service":"online-store","timestamp":"2023-09-20 17:03:10"}
{"level":"info","message":"Items retrieved successfully.","service":"online-store","timestamp":"2023-09-20 17:03:11"}
{"level":"info","message":"Items retrieved successfully.","service":"online-store","timestamp":"2023-09-20 17:03:11"}
{"level":"info","message":"Items retrieved successfully.","service":"online-store","timestamp":"2023-09-20 17:04:31"}
{"level":"info","message":"Items retrieved successfully.","service":"online-store","timestamp":"2023-09-20 17:04:31"}
{"level":"info","message":"Items retrieved successfully.","service":"online-store","timestamp":"2023-09-20 17:04:35"}
{"level":"info","message":"Items retrieved successfully.","service":"online-store","timestamp":"2023-09-20 17:04:35"}
{"level":"info","message":"Item with ID: a3976167-7da2-49b3-93d8-1a4b013e7334 deleted successfully.","service":"online-store","timestamp":"2023-09-20 17:04:42"}
{"level":"info","message":"Items retrieved successfully.","service":"online-store","timestamp":"2023-09-20 17:04:42"}
{"level":"info","message":"Server is running on http://localhost:8000","service":"online-store","timestamp":"2023-09-21 12:32:31"}
{"level":"info","message":"Items retrieved successfully.","service":"online-store","timestamp":"2023-09-21 12:32:42"}
{"level":"info","message":"Items retrieved successfully.","service":"online-store","timestamp":"2023-09-21 12:32:42"}
{"level":"info","message":"Items retrieved successfully.","service":"online-store","timestamp":"2023-09-21 12:32:42"}
{"level":"info","message":"Items retrieved successfully.","service":"online-store","timestamp":"2023-09-21 12:32:42"}
{"level":"info","message":"Items retrieved successfully.","service":"online-store","timestamp":"2023-09-21 12:32:48"}
{"level":"info","message":"Items retrieved successfully.","service":"online-store","timestamp":"2023-09-21 12:32:48"}
{"level":"info","message":"Items retrieved successfully.","service":"online-store","timestamp":"2023-09-21 12:32:50"}
{"level":"info","message":"Items retrieved successfully.","service":"online-store","timestamp":"2023-09-21 12:32:50"}
{"level":"info","message":"Items retrieved successfully.","service":"online-store","timestamp":"2023-09-21 12:32:51"}
{"level":"info","message":"Items retrieved successfully.","service":"online-store","timestamp":"2023-09-21 12:32:51"}
{"level":"info","message":"Items retrieved successfully.","service":"online-store","timestamp":"2023-09-21 12:32:52"}
{"level":"info","message":"Items retrieved successfully.","service":"online-store","timestamp":"2023-09-21 12:32:52"}
{"level":"info","message":"Items retrieved successfully.","service":"online-store","timestamp":"2023-09-21 12:32:53"}
{"level":"info","message":"Items retrieved successfully.","service":"online-store","timestamp":"2023-09-21 12:32:53"}
{"level":"info","message":"Items retrieved successfully.","service":"online-store","timestamp":"2023-09-21 12:32:55"}
{"level":"info","message":"Items retrieved successfully.","service":"online-store","timestamp":"2023-09-21 12:32:55"}
{"level":"info","message":"Items retrieved successfully.","service":"online-store","timestamp":"2023-09-21 12:32:55"}
{"level":"info","message":"Items retrieved successfully.","service":"online-store","timestamp":"2023-09-21 12:32:55"}
{"level":"info","message":"Items retrieved successfully.","service":"online-store","timestamp":"2023-09-21 12:32:56"}
{"level":"info","message":"Items retrieved successfully.","service":"online-store","timestamp":"2023-09-21 12:32:56"}
{"level":"info","message":"Items retrieved successfully.","service":"online-store","timestamp":"2023-09-21 12:35:06"}
{"level":"info","message":"Items retrieved successfully.","service":"online-store","timestamp":"2023-09-21 12:35:06"}
{"level":"info","message":"Items retrieved successfully.","service":"online-store","timestamp":"2023-09-21 12:35:06"}
{"level":"info","message":"Items retrieved successfully.","service":"online-store","timestamp":"2023-09-21 12:35:06"}
{"level":"info","message":"Items retrieved successfully.","service":"online-store","timestamp":"2023-09-21 12:35:19"}
{"level":"info","message":"Items retrieved successfully.","service":"online-store","timestamp":"2023-09-21 12:35:19"}
{"level":"info","message":"Items retrieved successfully.","service":"online-store","timestamp":"2023-09-21 12:35:19"}
{"level":"info","message":"Items retrieved successfully.","service":"online-store","timestamp":"2023-09-21 12:35:19"}
{"level":"info","message":"Items retrieved successfully.","service":"online-store","timestamp":"2023-09-21 12:35:38"}
{"level":"info","message":"Items retrieved successfully.","service":"online-store","timestamp":"2023-09-21 12:35:38"}
{"level":"info","message":"Items retrieved successfully.","service":"online-store","timestamp":"2023-09-21 12:35:38"}
{"level":"info","message":"Items retrieved successfully.","service":"online-store","timestamp":"2023-09-21 12:35:38"}
{"level":"info","message":"Items retrieved successfully.","service":"online-store","timestamp":"2023-09-21 12:35:39"}
{"level":"info","message":"Items retrieved successfully.","service":"online-store","timestamp":"2023-09-21 12:35:39"}
{"level":"info","message":"Items retrieved successfully.","service":"online-store","timestamp":"2023-09-21 12:35:42"}
{"level":"info","message":"Items retrieved successfully.","service":"online-store","timestamp":"2023-09-21 12:35:42"}
{"level":"info","message":"Items retrieved successfully.","service":"online-store","timestamp":"2023-09-21 12:35:51"}
{"level":"info","message":"Items retrieved successfully.","service":"online-store","timestamp":"2023-09-21 12:35:51"}
{"level":"info","message":"Items retrieved successfully.","service":"online-store","timestamp":"2023-09-21 12:36:00"}
{"level":"info","message":"Items retrieved successfully.","service":"online-store","timestamp":"2023-09-21 12:36:00"}
{"level":"info","message":"Items retrieved successfully.","service":"online-store","timestamp":"2023-09-21 12:36:00"}
{"level":"info","message":"Items retrieved successfully.","service":"online-store","timestamp":"2023-09-21 12:36:00"}
{"level":"info","message":"Items retrieved successfully.","service":"online-store","timestamp":"2023-09-21 12:36:02"}
{"level":"info","message":"Items retrieved successfully.","service":"online-store","timestamp":"2023-09-21 12:36:02"}
{"level":"info","message":"Item with ID: 6e7a2b91-b01e-4d90-9d2f-73e5748adf79 updated successfully.","service":"online-store","timestamp":"2023-09-21 12:36:10"}
{"level":"info","message":"Items retrieved successfully.","service":"online-store","timestamp":"2023-09-21 12:36:10"}
{"level":"info","message":"Items retrieved successfully.","service":"online-store","timestamp":"2023-09-21 12:37:58"}
{"level":"info","message":"Items retrieved successfully.","service":"online-store","timestamp":"2023-09-21 12:37:58"}
{"level":"info","message":"Items retrieved successfully.","service":"online-store","timestamp":"2023-09-21 12:37:58"}
{"level":"info","message":"Items retrieved successfully.","service":"online-store","timestamp":"2023-09-21 12:37:58"}
{"level":"info","message":"Server is running on http://localhost:8000","service":"online-store","timestamp":"2023-09-21 12:41:34"}
